<?xml version="1.0" encoding="UTF-8"?>
<testsuite xmlns:xsi="http://www.w3.org/2001/XMLSchema-instance" xsi:noNamespaceSchemaLocation="https://maven.apache.org/surefire/maven-surefire-plugin/xsd/surefire-test-report-3.0.xsd" version="3.0" name="com.phegondev.usersmanagementsystem.UsersmanagementsystemApplicationTests" time="11.994" tests="1" errors="0" skipped="0" failures="0">
  <properties>
[...]
</properties>
  <testcase name="contextLoads" classname="com.phegondev.usersmanagementsystem.UsersmanagementsystemApplicationTests" time="0.934">
    <system-out><![CDATA[13:42:09.191 [main] INFO org.springframework.test.context.support.AnnotationConfigContextLoaderUtils -- Could not detect default configuration classes for test class [com.phegondev.usersmanagementsystem.UsersmanagementsystemApplicationTests]: UsersmanagementsystemApplicationTests does not declare any static, non-private, non-final, nested classes annotated with @Configuration.
13:42:09.381 [main] INFO org.springframework.boot.test.context.SpringBootTestContextBootstrapper -- Found @SpringBootConfiguration com.phegondev.usersmanagementsystem.UsersmanagementsystemApplication for test class com.phegondev.usersmanagementsystem.UsersmanagementsystemApplicationTests

  .   ____          _            __ _ _
 /\\ / ___'_ __ _ _(_)_ __  __ _ \ \ \ \
( ( )\___ | '_ | '_| | '_ \/ _` | \ \ \ \
 \\/  ___)| |_)| | | | | || (_| |  ) ) ) )
  '  |____| .__|_| |_|_| |_\__, | / / / /
 =========|_|==============|___/=/_/_/_/
 :: Spring Boot ::                (v3.2.4)

2025-06-26T13:42:10.102-04:00  INFO 19512 --- [           main] .u.UsersmanagementsystemApplicationTests : Starting UsersmanagementsystemApplicationTests using Java 21.0.3 with PID 19512 (started by danie in C:\daniel\taller\UAGRM\backend)
2025-06-26T13:42:10.104-04:00  INFO 19512 --- [           main] .u.UsersmanagementsystemApplicationTests : No active profile set, falling back to 1 default profile: "default"
2025-06-26T13:42:11.768-04:00  INFO 19512 --- [           main] .s.d.r.c.RepositoryConfigurationDelegate : Bootstrapping Spring Data JPA repositories in DEFAULT mode.
2025-06-26T13:42:11.898-04:00  INFO 19512 --- [           main] .s.d.r.c.RepositoryConfigurationDelegate : Finished Spring Data repository scanning in 115 ms. Found 9 JPA repository interfaces.
2025-06-26T13:42:12.837-04:00  INFO 19512 --- [           main] o.hibernate.jpa.internal.util.LogHelper  : HHH000204: Processing PersistenceUnitInfo [name: default]
2025-06-26T13:42:12.952-04:00  INFO 19512 --- [           main] org.hibernate.Version                    : HHH000412: Hibernate ORM core version 6.4.4.Final
2025-06-26T13:42:13.009-04:00  INFO 19512 --- [           main] o.h.c.internal.RegionFactoryInitiator    : HHH000026: Second-level cache disabled
2025-06-26T13:42:13.485-04:00  INFO 19512 --- [           main] o.s.o.j.p.SpringPersistenceUnitInfo      : No LoadTimeWeaver setup: ignoring JPA class transformer
2025-06-26T13:42:13.611-04:00  INFO 19512 --- [           main] com.zaxxer.hikari.HikariDataSource       : HikariPool-1 - Starting...
2025-06-26T13:42:13.996-04:00  INFO 19512 --- [           main] com.zaxxer.hikari.pool.HikariPool        : HikariPool-1 - Added connection org.postgresql.jdbc.PgConnection@12e5d3e1
2025-06-26T13:42:13.998-04:00  INFO 19512 --- [           main] com.zaxxer.hikari.HikariDataSource       : HikariPool-1 - Start completed.
2025-06-26T13:42:16.414-04:00  INFO 19512 --- [           main] o.h.e.t.j.p.i.JtaPlatformInitiator       : HHH000489: No JTA platform available (set 'hibernate.transaction.jta.platform' to enable JTA platform integration)
2025-06-26T13:42:16.612-04:00  INFO 19512 --- [           main] j.LocalContainerEntityManagerFactoryBean : Initialized JPA EntityManagerFactory for persistence unit 'default'
2025-06-26T13:42:17.499-04:00  INFO 19512 --- [           main] o.s.d.j.r.query.QueryEnhancerFactory     : Hibernate is in classpath; If applicable, HQL parser will be used.
2025-06-26T13:42:18.641-04:00  WARN 19512 --- [           main] JpaBaseConfiguration$JpaWebConfiguration : spring.jpa.open-in-view is enabled by default. Therefore, database queries may be performed during view rendering. Explicitly configure spring.jpa.open-in-view to disable this warning
2025-06-26T13:42:19.245-04:00  INFO 19512 --- [           main] o.s.s.web.DefaultSecurityFilterChain     : Will secure any request with [org.springframework.security.web.session.DisableEncodeUrlFilter@30a1b9b0, org.springframework.security.web.context.request.async.WebAsyncManagerIntegrationFilter@16908f89, org.springframework.security.web.context.SecurityContextHolderFilter@20a3118, org.springframework.security.web.header.HeaderWriterFilter@32c7495, org.springframework.web.filter.CorsFilter@5ca8157c, org.springframework.security.web.authentication.logout.LogoutFilter@32b19d03, com.phegondev.usersmanagementsystem.config.JWTAuthFilter@40239b34, org.springframework.security.web.savedrequest.RequestCacheAwareFilter@3d8c3d0a, org.springframework.security.web.servletapi.SecurityContextHolderAwareRequestFilter@751636da, org.springframework.security.web.authentication.AnonymousAuthenticationFilter@33cee31a, org.springframework.security.web.session.SessionManagementFilter@85446a, org.springframework.security.web.access.ExceptionTranslationFilter@2140582, org.springframework.security.web.access.intercept.AuthorizationFilter@792bf78a]
2025-06-26T13:42:19.891-04:00  INFO 19512 --- [           main] .u.UsersmanagementsystemApplicationTests : Started UsersmanagementsystemApplicationTests in 10.26 seconds (process running for 11.981)
]]></system-out>
    <system-err><![CDATA[WARNING: A Java agent has been loaded dynamically (C:\Users\danie\.m2\repository\net\bytebuddy\byte-buddy-agent\1.14.12\byte-buddy-agent-1.14.12.jar)
WARNING: If a serviceability tool is in use, please run with -XX:+EnableDynamicAgentLoading to hide this warning
WARNING: If a serviceability tool is not in use, please run with -Djdk.instrument.traceUsage for more information
WARNING: Dynamic loading of agents will be disallowed by default in a future release
]]></system-err>
  </testcase>
</testsuite>